[www.lgbtcenterofreading.com/index.html]
[static.parastorage.com/unpkg/@formatjs/intl-segmenter@11.7.10/polyfill.iife.js]
[static.wixstatic.com/media/8659e2_750ed3b7566848afa53ca40b98ae2755_mv2.png/v1/fill/w_192,h_192,lg_1,usm_0.66_1.0/8659e2_750ed3b7566848af]
[static.wixstatic.com/media/8659e2_750ed3b7566848afa53ca40b98ae2755_mv2.png/v1/fill/w_180,h_180,lg_1,usm_0.66_1.0/8659e2_750ed3b7566848af]
[static.wixstatic.com/media/8659e2_750ed3b7566848afa53ca40b98ae2755_mv2.png/v1/fill/w_32,h_32,lg_1,usm_0.66_1.00_/8659e2_750ed3b7566848af]
[static.parastorage.com/unpkg/core-js-bundle@3.2.1/minified.js]
[static.parastorage.com/unpkg/focus-within-polyfill@5.0.9/dist/focus-within-polyfill.js]
[www.lgbtcenterofreading.com/t.6.delayed]
[www.lgbtcenterofreading.com/o.7.delayed]
[backblue.gif]
[fade.gif]
[index.html]
[static.wixstatic.com/media/8659e2_25a4e8474ee841a080e32bf7675da6e9_mv2.jpg/v1/fill/w_889,h_889,al_c,q_85/8659e2_25a4e8474ee841a080e32bf7]
[static.wixstatic.com/media/8659e2_75671ea8fa1c481abd0edbb2019c5b6e_mv2.jpg/v1/fill/w_1326,h_1326,al_c,q_85/8659e2_75671ea8fa1c481abd0edb]
[static.wixstatic.com/media/8659e2_521f1ac5aa4d4a20ac065725f5295b87_mv2.jpg/v1/fill/w_1013,h_1013,al_c,q_85/8659e2_521f1ac5aa4d4a20ac0657]
[www.lgbtcenterofreading.com/who-we-are.html]
[static.wixstatic.com/media/8659e2_45dcf692e9ba4dc58042d32d55a7be5f_mv2.jpg/v1/fill/w_860,h_860,al_c,q_85/8659e2_45dcf692e9ba4dc58042d32d]
[static.wixstatic.com/media/8659e2_91dddd5d0fcb4a6ca6b2bead09687dc7_mv2.jpg/v1/fill/w_3468,h_4624,al_c,q_90/8659e2_91dddd5d0fcb4a6ca6b2be]
[static.wixstatic.com/media/8659e2_71cbf2374a2648b9805f75d50f14ddaf_mv2.jpg/v1/fill/w_2162,h_900,al_c,q_85/8659e2_71cbf2374a2648b9805f75d]
[www.lgbtcenterofreading.com/our-impact.html]
[static.wixstatic.com/media/8659e2_372aef7cda7148a99de11ecd075d3067_mv2.png/v1/fill/w_557,h_140,al_c,q_85,usm_0.6/LGBT Center Logo Tester]
[www.lgbtcenterofreading.com/board-of-directors.html]
[www.lgbtcenterofreading.com/meet-the-team.html]
[www.lgbtcenterofreading.com/third-thirsty-thursday.html]
[www.lgbtcenterofreading.com/events-calendar.html]
[www.lgbtcenterofreading.com/arts-culture-groups.html]
[www.lgbtcenterofreading.com/support-groups.html]
[www.lgbtcenterofreading.com/social-groups.html]
[www.lgbtcenterofreading.com/counseling.html]
[www.lgbtcenterofreading.com/gather-connect-community-center.html]
[www.lgbtcenterofreading.com/about-3.html]
[www.lgbtcenterofreading.com/library-sensory-space.html]
[www.lgbtcenterofreading.com/food-pantry.html]
[www.lgbtcenterofreading.com/online-trainings.html]
[www.lgbtcenterofreading.com/partners-affiliated-organizations.html]
[www.lgbtcenterofreading.com/trans-nonbinary.html]
[www.lgbtcenterofreading.com/health-wellness.html]
[www.lgbtcenterofreading.com/volunteering.html]
[www.lgbtcenterofreading.com/work-with-us.html]
[www.lgbtcenterofreading.com/store.html]
[www.lgbtcenterofreading.com/donate.html]
[www.lgbtcenterofreading.com/media/emptystate.85a4add5.26.delayed]
[static.wixstatic.com/media/8659e2_4647349f5c464beca113c05b787b36f2_mv2.jpg/v1/fill/w_147,h_40,al_c,q_80,usm_0.66/8659e2_4647349f5c464bec]
[static.wixstatic.com/media/8659e2_4ca071804eb84c9398c283aad0178a99_mv2.jpg/v1/fill/w_364,h_522,fp_0.6_0.27,q_90,/8659e2_4ca071804eb84c93]
[static.wixstatic.com/media/8659e2_e42b43afa53d496f9aa549e1471a74fa_mv2.jpe/v1/fill/w_480,h_640,fp_0.55_0.11,q_90/8659e2_e42b43afa53d496f]
[static.wixstatic.com/media/8659e2_4e040ed2cefb4b58ad759cd8fe2797c4_mv2.jpg/v1/fill/w_480,h_640,fp_0.37_0.28,q_90/8659e2_4e040ed2cefb4b58]
[static.wixstatic.com/media/8659e2_9f1a342ac3c04904a81d4f2018ddea39_mv2.jpe/v1/fill/w_480,h_640,fp_0.72_0.5,q_90,/8659e2_9f1a342ac3c04904]
[www.lgbtcenterofreading.com/education.html]
[static.wixstatic.com/media/8659e2_9c7a5e0de3cb4f9b8b408c8ce2584c01_mv2.jpe/v1/fit/w_480,h_640,q_90,enc_avif,qual/8659e2_9c7a5e0de3cb4f9b]
[www.lgbtcenterofreading.com/window.location.43.delayed]
[static.wixstatic.com/media/8659e2_f269dea09f264292a763ff6f50505b35_mv2.jpe/v1/fill/w_480,h_640,fp_0.53_0.17,q_90/8659e2_f269dea09f264292]
[static.wixstatic.com/media/8659e2_344950ed6f154c818a79a766bf8e220e_mv2.jpg/v1/fill/w_267,h_400,fp_0.53_0.41,q_90/8659e2_344950ed6f154c81]
[browser.sentry-cdn.com/7.120.3/bundle.tracing.es5.min.js]
[static.wixstatic.com/media/8659e2_922b965916af42c5a6316b279dfb5360_mv2.jpg/v1/fit/w_480,h_640,q_90,enc_avif,qual/8659e2_922b965916af42c5]
[browser.sentry-cdn.com/7.120.3/modulemetadata.es5.min.js]
[static.wixstatic.com/media/8659e2_2ae1c467e34f4dc8986fbf43cebd905f_mv2.jpe/v1/fill/w_480,h_640,fp_0.18_0.22,q_90/8659e2_2ae1c467e34f4dc8]
[www.lgbtcenterofreading.com/sitemap.xml]
[www.lgbtcenterofreading.com/feed.47.delayed]
[static.wixstatic.com/media/8659e2_f47b4e50f064459f8f05ecbd1f2aa4a5_mv2.jpg/v1/fill/w_178,h_311,al_c,q_80,usm_0.66_1.00_0.01,/1.30.delaye]
[static.parastorage.com/unpkg/react@18.3.1/umd/react.production.min.js]
[static.wixstatic.com/media/8659e2_fc6401d7f23a4c3ba209a26f483c65cc_mv2.jpg/v1/fill/w_178,h_311,al_c,q_80,usm_0.66_1.00_0.01,/2.31.delaye]
[static.wixstatic.com/media/8659e2_672ecbb6288c414cad52ffe60e878e99_mv2.jpg/v1/fill/w_178,h_311,al_c,q_80,usm_0.66_1.00_0.01,/3.32.delaye]
[static.parastorage.com/unpkg/react-dom@18.3.1/umd/react-dom.production.min.js]
[static.wixstatic.com/media/8659e2_b0d29bead98446ec86d46b6131b5c4cf_mv2.jpg/v1/fit/w_480,h_640,q_90,enc_avif,qual/8659e2_b0d29bead98446ec]
[static.parastorage.com/unpkg/lodash@4.17.21/lodash.min.js]
[static.parastorage.com/services/wix-thunderbolt/dist/thunderbolt-commons.3bc4af6f.bundle.min.js]
[static.wixstatic.com/media/8659e2_69db06bda6a945988c46197ce6b8a67e_mv2.jpg/v1/fit/w_480,h_640,q_90,enc_avif,qual/8659e2_69db06bda6a94598]
[static.parastorage.com/services/wix-thunderbolt/dist/main.eb400bb1.bundle.min.js]
[static.parastorage.com/services/wix-thunderbolt/dist/main.renderer.99fa8096.bundle.min.js]
[static.wixstatic.com/media/8659e2_e6b703b9251449638db6aca5a2b905ea_mv2.jpg/v1/fit/w_480,h_640,q_90,enc_avif,qual/8659e2_e6b703b925144963]
[static.wixstatic.com/media/8659e2_20939b14b55c432780e678bd23c3dfef_mv2.png/v1/fill/w_308,h_430,al_c,q_85,usm_0.66_1.00_0.01,/1.36.delaye]
[static.parastorage.com/services/wix-thunderbolt/dist/browser-deprecation.bundle.es5.js]
[static.wixstatic.com/media/8659e2_21874e33a38f41808d11e2790aaf11a1_mv2.png/v1/fill/w_308,h_430,al_c,q_85,usm_0.66_1.00_0.01,/2.37.delaye]
[www.lgbtcenterofreading.com/decodeURIComponent(e.4f.delayed]
[static.wixstatic.com/media/8659e2_04d8e350cdcc45edac8089bc31626844_mv2.png/v1/fill/w_308,h_430,al_c,q_85,usm_0.66_1.00_0.01,/3.38.delaye]
[www.lgbtcenterofreading.com/index.html]
[static.parastorage.com/services/tag-manager-client/1.1028.0/siteTags.bundle.min.js]
[static.wixstatic.com/media/09a967_edad7bb84d414049ac4d41574b0735a6_mv2.jpg/v1/fit/w_480,h_640,q_90,enc_avif,qual/09a967_edad7bb84d414049]
[www.lgbtcenterofreading.com/t.html]
[static.wixstatic.com/media/8659e2_fa4dbb71881d409aa3d511039f2c41d9_mv2.png/v1/crop/x_5,y_12,w_187,h_177/fill/w_1/Newsletter Graphic.3b.d]
[static.wixstatic.com/media/8659e2_2391b15629024050b8696cac598ad381_mv2.jpg/v1/fit/w_480,h_640,q_90,enc_avif,qual/8659e2_2391b15629024050]
[www.lgbtcenterofreading.com/o.html]
[static.wixstatic.com/media/8659e2_602e3c9ab9e6422396c6c415c2250378_mv2.png/v1/fill/w_923,h_260,al_c,q_85,usm_0.6/Counseling Graphics (1)]
[www.lgbtcenterofreading.com/who-we-are.html]
[static.wixstatic.com/media/8659e2_3c19d382d8de40f0b7fa5207f398150b_mv2.png/v1/fill/w_448,h_205,al_c,q_85,usm_0.6/LGBTQ+ Sensitivity Trai]
[www.lgbtcenterofreading.com/our-impact.html]
[static.wixstatic.com/media/8659e2_df07d57335a44123b6256bb3624e7e74_mv2.png/v1/fill/w_75,h_77,al_c,q_85,usm_0.66_1/Candid 2025.42.delaye]
[static.wixstatic.com/media/11062b_1d42c24b618e42fd8003ca991c1b4f4b_mv2.png/v1/fill/w_199,h_196,al_c,q_85,usm_0.6/11062b_1d42c24b618e42fd]
[static.wixstatic.com/media/23fd2a2be53141ed810f4d3dcdcd01fa.png/v1/fill/w_24,h_24,al_c,q_85,usm_0.66_1.00_0.01,e/23fd2a2be53141ed810f4d3]
[static.wixstatic.com/media/81af6121f84c41a5b4391d7d37fce12a.png/v1/fill/w_24,h_24,al_c,q_85,usm_0.66_1.00_0.01,e/81af6121f84c41a5b4391d7]
[static.wixstatic.com/media/8659e2_ff8b7b95d63945ab9b2398874815c0a3_mv2.jpg/v1/crop/x_0,y_25,w_340,h_382,q_80,blu/8659e2_ff8b7b95d63945ab]
[www.lgbtcenterofreading.com/board-of-directors.html]
[static.wixstatic.com/media/8659e2_1d29bf3cdbe943e9ad957f5afbab1c4d_mv2.png/v1/fill/w_49,h_28,al_c,q_85,usm_0.66_/8659e2_1d29bf3cdbe943e9]
[static.wixstatic.com/media/8659e2_b9d395d8df114f768b66fe0a664a1810_mv2.jpg/v1/fill/w_168,h_294,al_c,q_80,usm_0.66_1.00_0.01,/1.55.delaye]
[www.lgbtcenterofreading.com/meet-the-team.html]
[static.wixstatic.com/media/8659e2_f735f4addd82461bb270591d07f8da08_mv2.jpg/v1/fill/w_168,h_294,al_c,q_80,usm_0.66_1.00_0.01,/2.56.delaye]
[static.wixstatic.com/media/8659e2_ff29bdd8c0f44dc08543b0c19d2bcb7d_mv2.jpg/v1/fill/w_168,h_294,al_c,q_80,usm_0.66_1.00_0.01,/3.57.delaye]
[www.lgbtcenterofreading.com/events-calendar.html]
[static.wixstatic.com/media/8659e2_cea125895ece45c297f9db0d6854a3f5_mv2.jpg/v1/fill/w_168,h_294,al_c,q_80,usm_0.66_1.00_0.01,/5.59.delaye]
[static.wixstatic.com/media/8659e2_c8fc59b25a874019ae1347de5f14a973_mv2.jpg/v1/fill/w_168,h_294,al_c,q_80,usm_0.66_1.00_0.01,/4.58.delaye]
[static.wixstatic.com/media/8659e2_13bb2244119a46dab9be2b7253359ad9_mv2.jpg/v1/fill/w_168,h_294,al_c,q_80,usm_0.66_1.00_0.01,/6.5a.delaye]
[www.lgbtcenterofreading.com/third-thirsty-thursday.html]
[static.wixstatic.com/media/8659e2_11d981208429413296a85069308f4c17_mv2.jpg/v1/fill/w_168,h_294,al_c,q_80,usm_0.66_1.00_0.01,/7.5b.delaye]
[static.wixstatic.com/media/8659e2_fd46444b175e4eea901fe266541f3d33_mv2.jpg/v1/fill/w_168,h_294,al_c,q_80,usm_0.66_1.00_0.01,/8.5c.delaye]
[static.wixstatic.com/media/8659e2_c1873aaefbb34c67a3ad183d010fecf4_mv2.jpg/v1/fill/w_168,h_294,al_c,q_80,usm_0.66_1.00_0.01,/9.5d.delaye]
[static.wixstatic.com/media/8659e2_74798f399124432095027dd86c087b71_mv2.jpg/v1/fill/w_284,h_367,al_c,q_80,usm_0.6/Pride partners.5e.delay]
[static.wixstatic.com/media/8659e2_8467cfcf3d104ccc8deb61f1d0dde69a_mv2.jpg/v1/fill/w_115,h_86,al_c,q_80,usm_0.66/8659e2_8467cfcf3d104ccc]
[static.wixstatic.com/media/8659e2_20ac65f19c404214bc9d5632387adad3_mv2.jpg/v1/fill/w_37,h_49,al_c,q_80,usm_0.66_/8659e2_20ac65f19c404214]
[static.wixstatic.com/media/8659e2_91050c97a5a041f8b527efe2aa727695_mv2.jpg/v1/fill/w_284,h_367,al_c,q_80,usm_0.6/VOLUNTEERS NEEDED! (1)]
[static.wixstatic.com/media/8659e2_1c2e8ec6ffff4384805c45719660d803_mv2.jpg/v1/fill/w_171,h_306,al_c,q_80,usm_0.6/Board Member Graphic.62]
[static.wixstatic.com/media/8659e2_f76c09f84191485488dcc8f08d27c7bb_mv2.jpg/v1/fill/w_284,h_367,al_c,q_80,usm_0.6/Circle of Care.60.delay]
[www.lgbtcenterofreading.com/support-groups.html]
[static.wixstatic.com/media/8659e2_1d29bf3cdbe943e9ad957f5afbab1c4d_mv2.png/v1/fill/w_122,h_69,al_c,q_85,usm_0.66/8659e2_1d29bf3cdbe943e9]
[static.wixstatic.com/media/8659e2_9f49c65a80eb4130af3d8d9a398e6901_mv2.png/v1/fill/w_248,h_246,al_c,q_85,usm_0.6/Kai Headshot Cropped.64]
[static.wixstatic.com/media/8659e2_87f60b7ed9a04f119866e4b007eac20e_mv2.jpg/v1/fill/w_239,h_239,al_c,q_80,usm_0.6/Charles Corbit.65.delay]
[static.wixstatic.com/media/8659e2_0d9c1d83cddd405a8d6df68f5a58116b_mv2.jpg/v1/crop/x_1511,y_252,w_3989,h_3995/fill/w_239,h/Jen.66.delaye]
[static.wixstatic.com/media/8659e2_17a7eb643c7e4537b25115d8009ed608_mv2.png/v1/crop/x_0,y_33,w_1927,h_1927/fill/w_23/1000006889.67.delaye]
[static.wixstatic.com/media/8659e2_a8871c744c604b0b949b7b36fa68eabc_mv2.png/v1/fill/w_232,h_232,al_c,q_85,usm_0.6/1000037628_edited.68.de]
[static.wixstatic.com/media/8659e2_880dda1aaf97457f87830659a68b5209_mv2.jpg/v1/crop/x_125,y_0,w_650,h_650/fill/w_243/1000011219.69.delaye]
[www.lgbtcenterofreading.com/social-groups.html]
[static.wixstatic.com/media/8659e2_94d253c4430b4678aa9008f36d09985f_mv2.jpg/v1/fill/w_243,h_243,al_c,q_80,usm_0.6/M_ Medina headshot (1)]
[static.wixstatic.com/media/8659e2_d09ee1a698f84fb0ad6c4d057196ad2b_mv2.png/v1/fill/w_344,h_344,al_c,lg_1,q_85,enc_/LauraCircle.6b.delaye]
[static.wixstatic.com/media/nsplsh_33ed0ed690a24f1c9c7a77eff3773742_mv2.jpg/v1/fill/w_344,h_344,al_c,q_80,usm_0.6/Image by Dmitry Vechork]
[static.wixstatic.com/media/8659e2_470080f19be74b4c81c54c466b02fd33_mv2.jpg/v1/fill/w_836,h_470,al_c,q_85,usm_0.6/March calendar 2_24.6d]
[static.wixstatic.com/media/8659e2_1d29bf3cdbe943e9ad957f5afbab1c4d_mv2.png/v1/fill/w_37,h_21,al_c,q_85,usm_0.66_/8659e2_1d29bf3cdbe943e9]
[static.wixstatic.com/media/8659e2_f97c029779d44bbdb5da8ebf0a742837_mv2.jpg/v1/fill/w_324,h_418,al_c,q_80,usm_0.66_1/safe space.6f.delaye]
[static.wixstatic.com/media/8659e2_1d29bf3cdbe943e9ad957f5afbab1c4d_mv2.png/v1/fill/w_40,h_22,al_c,q_85,usm_0.66_/8659e2_1d29bf3cdbe943e9]
[www.lgbtcenterofreading.com/arts-culture-groups.html]
[static.wixstatic.com/media/8659e2_5b053cfbc6be4979820e59106f015bb0_mv2.jpg/v1/fill/w_324,h_418,al_c,q_80,usm_0.66_1/H_E_R (1).74.delaye]
[static.wixstatic.com/media/8659e2_186613a4193b4163a1e1b6cd16587e62_mv2.jpg/v1/fill/w_324,h_418,al_c,q_80,usm_0.6/Rainbow Alliance.75.del]
[static.wixstatic.com/media/09a967_efba61b3aaea4b2aaa1e577ce4fe73b8_mv2.jpg/v1/fill/w_324,h_418,al_c,q_80,usm_0.66_/Gaymers (1).77.delaye]
[static.wixstatic.com/media/8659e2_69db06bda6a945988c46197ce6b8a67e_mv2.jpg/v1/fill/w_324,h_418,al_c,q_80,usm_0.66_1/Happy (2).71.delaye]
[static.wixstatic.com/media/8659e2_553c967a4c1a471091849705f06b5d1f_mv2.jpg/v1/fill/w_324,h_418,al_c,q_80,usm_0.66/Trailgayzers.7a.delaye]
[static.wixstatic.com/media/8659e2_60f19b70afeb409c87b4713c8e78e27b_mv2.jpg/v1/fill/w_324,h_418,al_c,q_80,usm_0.6/Writing Group.7b.delaye]
[static.wixstatic.com/media/8659e2_64c5432d9ab646d49872742ab3ecec79_mv2.jpg/v1/fill/w_324,h_418,al_c,q_80,usm_0.6/Movie Night Generic.7d]
[static.parastorage.com/services/wix-thunderbolt/dist/thunderbolt-commons.ec9ba704.bundle.min.js]
[www.lgbtcenterofreading.com/about-3.html]
[static.wixstatic.com/media/8659e2_da3e98233c6f43e6b418912c4a93f62f_mv2.jpg/v1/fill/w_324,h_418,al_c,q_80,usm_0.66_1.0/Art Club.80.delaye]
[www.lgbtcenterofreading.com/counseling.html]
[static.wixstatic.com/media/09a967_edad7bb84d414049ac4d41574b0735a6_mv2.jpg/v1/fill/w_335,h_434,al_c,q_80,usm_0.6/Queer Quest - Orange Ga]
[static.wixstatic.com/media/8659e2_1d29bf3cdbe943e9ad957f5afbab1c4d_mv2.png/v1/crop/x_259,y_673,w_1920,h_24,q_85,/8659e2_1d29bf3cdbe943e9]
[www.lgbtcenterofreading.com/gather-connect-community-center.html]
[static.wixstatic.com/media/8659e2_6209b1b9479e441882d9d68402253c8f_mv2.jpg/v1/fill/w_416,h_329,al_c,q_80,usm_0.6/IMG_7281_edited.85.dela]
[static.wixstatic.com/media/8659e2_f76c09f84191485488dcc8f08d27c7bb_mv2.jpg/v1/fill/w_302,h_386,al_c,q_80,usm_0.6/Circle of Care.86.delay]
[static.wixstatic.com/media/8659e2_0050a3cd5814411c9a99cd35017df768_mv2.jpg/v1/fill/w_478,h_263,al_c,q_80,usm_0.6/54419697762_013bd55a6b_]
[www.lgbtcenterofreading.com/library-sensory-space.html]
[static.wixstatic.com/media/8659e2_b05eb26fd23d49dba7572a0a98e5d313_mv2.jpg/v1/crop/x_0,y_5,w_2500,h_1891/fill/w_/LGBT+ Mental Health jpg]
[static.wixstatic.com/media/8659e2_b05eb26fd23d49dba7572a0a98e5d313_mv2.jpg/v1/crop/x_5,y_1893,w_2495,h_1621/fill/LGBT+ Mental Health jpg]
[static.wixstatic.com/media/8659e2_b05eb26fd23d49dba7572a0a98e5d313_mv2.jpg/v1/crop/x_5,y_3521,w_2495,h_2018/fill/LGBT+ Mental Health jpg]
[www.lgbtcenterofreading.com/food-pantry.html]
[static.wixstatic.com/media/8659e2_b05eb26fd23d49dba7572a0a98e5d313_mv2.jpg/v1/crop/x_5,y_5535,w_2495,h_715/fill//LGBT+ Mental Health jpg]
[static.parastorage.com/services/wix-thunderbolt/dist/main.8aea3aa1.bundle.min.js]
[static.wixstatic.com/media/8659e2_2e2654ef80bb4b7bba2e882cac51e2e4_mv2.jpg/v1/fill/w_519,h_388,al_c,q_80,usm_0.6/1000005857_edited.8c.de]
[static.wixstatic.com/media/8659e2_1d29bf3cdbe943e9ad957f5afbab1c4d_mv2.png/v1/fill/w_4,h_2,al_c,q_85,usm_0.66_1/8659e2_1d29bf3cdbe943e9]
[static.wixstatic.com/media/8659e2_0f56179be351407aabe6fb6d87e24435_mv2.jpg/v1/fill/w_517,h_388,al_c,q_80,usm_0.66_1/1000005858.8e.delaye]
[static.wixstatic.com/media/8659e2_7db8b4466664426e9ad63da867a981a2_mv2.jpg/v1/fill/w_147,h_110,al_c,q_80,usm_0.6/8659e2_7db8b4466664426e]
[static.wixstatic.com/media/8659e2_7da15ebbf31b46fab7e22b2c4d8118b2_mv2.jpg/v1/fill/w_147,h_110,al_c,q_80,usm_0.6/8659e2_7da15ebbf31b46fa]
[static.wixstatic.com/media/8659e2_8b836995eff547fbb0f8a12df2ac27e4_mv2.jpg/v1/fill/w_147,h_110,al_c,q_80,usm_0.6/8659e2_8b836995eff547fb]
[static.wixstatic.com/media/8659e2_ad7d3ec56f9a43189f6ce701f0ab837b_mv2.jpg/v1/crop/x_642,y_0,w_3590,h_3468/fill/w_2/1000004936.92.delaye]
[static.wixstatic.com/media/8659e2_91dddd5d0fcb4a6ca6b2bead09687dc7_mv2.jpg/v1/crop/x_0,y_168,w_3468,h_3352/fill/w_2/1000004935.93.delaye]
[static.wixstatic.com/media/8659e2_1d29bf3cdbe943e9ad957f5afbab1c4d_mv2.png/v1/fill/w_30,h_17,al_c,q_85,usm_0.66_/8659e2_1d29bf3cdbe943e9]
[static.wixstatic.com/media/8659e2_a05ba606dacf4cbaa029da56af8a0502_mv2.jpg/v1/fill/w_415,h_312,al_c,q_80,usm_0.66_1/1000005969.95.delaye]
[static.wixstatic.com/media/8659e2_1d29bf3cdbe943e9ad957f5afbab1c4d_mv2.png/v1/fill/w_35,h_20,al_c,q_85,usm_0.66_/8659e2_1d29bf3cdbe943e9]
[www.lgbtcenterofreading.com/online-trainings62c6.html]
[static.wixstatic.com/media/8659e2_f2daeaa34eb14d98b9b3e52209dfa616_mv2.jpg/v1/fill/w_479,h_360,al_c,q_80,usm_0.66_1/1000005970.97.delaye]
[static.wixstatic.com/media/8659e2_cc17281ab1334a8f8919ba771893af2b_mv2.jpg/v1/fill/w_479,h_360,al_c,q_80,usm_0.66_1/1000005971.98.delaye]
[static.wixstatic.com/media/11062b_3d9e358145a2472f8975c20b655c25c9_mv2.jpg/v1/crop/x_582,y_0,w_3861,h_2478/fill//11062b_3d9e358145a2472f]
[www.lgbtcenterofreading.com/online-trainings.html]
[www.lgbtcenterofreading.com/partners-affiliated-organizations.html]
[www.lgbtcenterofreading.com/trans-nonbinary.html]
[www.lgbtcenterofreading.com/health-wellness.html]
[www.lgbtcenterofreading.com/_https_/static.wixstatic.com/media/8b8660_18b5b5922d14429f9067dfbb134b3f5ef002.jpg/v1/fill/w_/file.9b.delaye]
[static.wixstatic.com/media/8659e2_1d29bf3cdbe943e9ad957f5afbab1c4d_mv2.png/v1/fill/w_24,h_13,al_c,q_85,usm_0.66_/8659e2_1d29bf3cdbe943e9]
[static.parastorage.com/services/wix-vod-widget/1.4604.0/WixVideoViewerWidgetNoCss.bundle.min.js]
[static.wixstatic.com/media/8659e2_1d29bf3cdbe943e9ad957f5afbab1c4d_mv2.png/v1/crop/x_259,y_684,w_1920,h_2,q_85,b/8659e2_1d29bf3cdbe943e9]
[static.wixstatic.com/media/8659e2_7d328061e7b34765be398199ecbabad4_mv2.jpg/v1/fill/w_480,h_640,fp_0.53_0.25,q_90/8659e2_7d328061e7b34765]
[www.lgbtcenterofreading.com/volunteering.html]
[static.wixstatic.com/media/8659e2_6249db86b1504f548bba5c7d3aee964a_mv2.jpg/v1/fill/w_480,h_640,fp_0.52_0.3,q_90,/8659e2_6249db86b1504f54]
[static.wixstatic.com/media/8659e2_cd1146c70b004eba92fa4c12c4b45698_mv2.jpg/v1/fill/w_480,h_640,fp_0.57_0.28,q_90/8659e2_cd1146c70b004eba]
[static.wixstatic.com/media/8659e2_c8b2bf278e84428b9a4266aee1889777_mv2.jpg/v1/fill/w_480,h_640,fp_0.47_0.3,q_90,/8659e2_c8b2bf278e84428b]
[static.parastorage.com/services/pro-gallery-tpa/1.1509.0/WixProGalleryViewerWidget.bundle.min.js]
[www.lgbtcenterofreading.com/work-with-us.html]
[static.wixstatic.com/media/8659e2_9c56732818f14c09b081ad54a33984f8_mv2.jpg/v1/fill/w_275,h_236,al_c,q_80,usm_0.66_1.00_0.01,/1.a4.delaye]
[static.wixstatic.com/media/8659e2_72869d77f5c64b6e956f94bcd2ddda4f_mv2.jpe/v1/fit/w_480,h_640,q_90,enc_avif,qual/8659e2_72869d77f5c64b6e]
[www.lgbtcenterofreading.com/store.html]
[static.wixstatic.com/media/8659e2_8f839def3ba84cd08d77bd00ab063a2f_mv2.jpg/v1/fill/w_275,h_236,al_c,q_80,usm_0.66_1.00_0.01,/3.a7.delaye]
[static.wixstatic.com/media/8659e2_4c0d8a2e6ef4498296dd948ad2263242_mv2.jpg/v1/fill/w_275,h_236,al_c,q_80,usm_0.66_1.00_0.01,/2.a5.delaye]
[static.wixstatic.com/media/8659e2_0f3240da1af54361a57284cb2d6f1d85_mv2.jpg/v1/fill/w_275,h_236,al_c,q_80,usm_0.66_1.00_0.01,/4.a6.delaye]
[www.lgbtcenterofreading.com/donate.html]
[static.wixstatic.com/media/8659e2_f4fa27703a274c5b97ccabbf52dbc339_mv2.jpg/v1/fill/w_275,h_236,al_c,q_80,usm_0.66_1.00_0.01,/5.a8.delaye]
[www.lgbtcenterofreading.com/media/emptystate.85a4add5.html]
[static.wixstatic.com/media/8659e2_12d235d4928843ba988ce50bfbc80bb4_mv2.jpg/v1/crop/x_0,y_5,w_508,h_505/fill/w_29/Volunteer QR Code.aa.de]
[static.wixstatic.com/media/8659e2_46ef30315eb2469bb01fd65910f19402_mv2.jpg/v1/fill/w_290,h_386,q_90,enc_avif,qua/8659e2_46ef30315eb2469b]
[static.wixstatic.com/media/09a967_9bbe2624c38a45c992946712c1c52672_mv2.jpg/v1/fill/w_290,h_386,q_90,enc_avif,qua/09a967_9bbe2624c38a45c9]
[static.wixstatic.com/media/8659e2_6be1ccb4b29a4ec4b888663714257c87_mv2.jpg/v1/fill/w_290,h_386,q_90,enc_avif,qua/8659e2_6be1ccb4b29a4ec4]
[www.lgbtcenterofreading.com/education.html]
[static.wixstatic.com/media/8659e2_1d29bf3cdbe943e9ad957f5afbab1c4d_mv2.png/v1/crop/x_259,y_677,w_1920,h_16,q_85,/8659e2_1d29bf3cdbe943e9]
[static.wixstatic.com/media/8659e2_2ade1b1d6ada4520b3a95c657f09c35e_mv2.jpg/v1/fill/w_428,h_321,al_c,q_80,usm_0.66_1.00/Meeting.b1.delaye]
[www.lgbtcenterofreading.com/window.location.html]
[static.wixstatic.com/media/781083eaef2b4f8c9c8bcf3ede3718ff.jpg/v1/crop/x_0,y_208,w_5184,h_2751/fill/w_449,h_238/781083eaef2b4f8c9c8bcf3]
[static.wixstatic.com/media/8659e2_a2d4c2b640f842c1a1105a7e642d8746_mv2.jpg/v1/fill/w_275,h_236,al_c,q_80,usm_0.66_1.00_0.01,/6.a9.delaye]
[static.wixstatic.com/media/fd283e3dcd944f6e9fe9df9f017b1b25.jpg/v1/crop/x_0,y_1204,w_6048,h_2557/fill/w_447,h_18/fd283e3dcd944f6e9fe9df9]
[www.lgbtcenterofreading.com/api.b4.delayed]
[www.lgbtcenterofreading.com/api/index.html]
[www.lgbtcenterofreading.com/envelope.b5.delayed]
[www.lgbtcenterofreading.com/envelope/index.html]
[www.lgbtcenterofreading.com/feed.html]
[www.lgbtcenterofreading.com/decodeURIComponent(e.html]
[www.lgbtcenterofreading.com/_https_/static.wixstatic.com/media/8b8660_18b5b5922d14429f9067dfbb134b3f5ef002.jpg/v1/fill/w_/file.9b.delaye]
[www.lgbtcenterofreading.com/online-trainings62c6.html]
[www.lgbtcenterofreading.com/api.html]
[www.lgbtcenterofreading.com/envelope.html]
